This is pdfTeX, Version 3.14159265-2.6-1.40.16 (TeX Live 2015) (preloaded format=pdflatex 2015.5.24)  29 NOV 2016 00:00
entering extended mode
 restricted \write18 enabled.
 file:line:error style messages enabled.
 %&-line parsing enabled.
**report.tex
(./report.tex
LaTeX2e <2015/01/01>
Babel <3.9l> and hyphenation patterns for 79 languages loaded.
(./IEEEtran.cls
Document Class: IEEEtran 2015/08/26 V1.8b by Michael Shell
-- See the "IEEEtran_HOWTO" manual for usage information.
-- http://www.michaelshell.org/tex/ieeetran/
\@IEEEtrantmpdimenA=\dimen102
\@IEEEtrantmpdimenB=\dimen103
\@IEEEtrantmpdimenC=\dimen104
\@IEEEtrantmpcountA=\count79
\@IEEEtrantmpcountB=\count80
\@IEEEtrantmpcountC=\count81
\@IEEEtrantmptoksA=\toks14
LaTeX Font Info:    Try loading font information for OT1+ptm on input line 503.

(/usr/local/texlive/2015/texmf-dist/tex/latex/psnfss/ot1ptm.fd
File: ot1ptm.fd 2001/06/04 font definitions for OT1/ptm.
)
-- Using 8.5in x 11in (letter) paper.
-- Using PDF output.
\@IEEEnormalsizeunitybaselineskip=\dimen105
-- This is a 10 point document.
\CLASSINFOnormalsizebaselineskip=\dimen106
\CLASSINFOnormalsizeunitybaselineskip=\dimen107
\IEEEnormaljot=\dimen108
LaTeX Font Info:    Font shape `OT1/ptm/bx/n' in size <5> not available
(Font)              Font shape `OT1/ptm/b/n' tried instead on input line 1090.
LaTeX Font Info:    Font shape `OT1/ptm/bx/it' in size <5> not available
(Font)              Font shape `OT1/ptm/b/it' tried instead on input line 1090.

LaTeX Font Info:    Font shape `OT1/ptm/bx/n' in size <7> not available
(Font)              Font shape `OT1/ptm/b/n' tried instead on input line 1090.
LaTeX Font Info:    Font shape `OT1/ptm/bx/it' in size <7> not available
(Font)              Font shape `OT1/ptm/b/it' tried instead on input line 1090.

LaTeX Font Info:    Font shape `OT1/ptm/bx/n' in size <8> not available
(Font)              Font shape `OT1/ptm/b/n' tried instead on input line 1090.
LaTeX Font Info:    Font shape `OT1/ptm/bx/it' in size <8> not available
(Font)              Font shape `OT1/ptm/b/it' tried instead on input line 1090.

LaTeX Font Info:    Font shape `OT1/ptm/bx/n' in size <9> not available
(Font)              Font shape `OT1/ptm/b/n' tried instead on input line 1090.
LaTeX Font Info:    Font shape `OT1/ptm/bx/it' in size <9> not available
(Font)              Font shape `OT1/ptm/b/it' tried instead on input line 1090.

LaTeX Font Info:    Font shape `OT1/ptm/bx/n' in size <10> not available
(Font)              Font shape `OT1/ptm/b/n' tried instead on input line 1090.
LaTeX Font Info:    Font shape `OT1/ptm/bx/it' in size <10> not available
(Font)              Font shape `OT1/ptm/b/it' tried instead on input line 1090.

LaTeX Font Info:    Font shape `OT1/ptm/bx/n' in size <11> not available
(Font)              Font shape `OT1/ptm/b/n' tried instead on input line 1090.
LaTeX Font Info:    Font shape `OT1/ptm/bx/it' in size <11> not available
(Font)              Font shape `OT1/ptm/b/it' tried instead on input line 1090.

LaTeX Font Info:    Font shape `OT1/ptm/bx/n' in size <12> not available
(Font)              Font shape `OT1/ptm/b/n' tried instead on input line 1090.
LaTeX Font Info:    Font shape `OT1/ptm/bx/it' in size <12> not available
(Font)              Font shape `OT1/ptm/b/it' tried instead on input line 1090.

LaTeX Font Info:    Font shape `OT1/ptm/bx/n' in size <17> not available
(Font)              Font shape `OT1/ptm/b/n' tried instead on input line 1090.
LaTeX Font Info:    Font shape `OT1/ptm/bx/it' in size <17> not available
(Font)              Font shape `OT1/ptm/b/it' tried instead on input line 1090.

LaTeX Font Info:    Font shape `OT1/ptm/bx/n' in size <20> not available
(Font)              Font shape `OT1/ptm/b/n' tried instead on input line 1090.
LaTeX Font Info:    Font shape `OT1/ptm/bx/it' in size <20> not available
(Font)              Font shape `OT1/ptm/b/it' tried instead on input line 1090.

LaTeX Font Info:    Font shape `OT1/ptm/bx/n' in size <24> not available
(Font)              Font shape `OT1/ptm/b/n' tried instead on input line 1090.
LaTeX Font Info:    Font shape `OT1/ptm/bx/it' in size <24> not available
(Font)              Font shape `OT1/ptm/b/it' tried instead on input line 1090.

\IEEEquantizedlength=\dimen109
\IEEEquantizedlengthdiff=\dimen110
\IEEEquantizedtextheightdiff=\dimen111
\IEEEilabelindentA=\dimen112
\IEEEilabelindentB=\dimen113
\IEEEilabelindent=\dimen114
\IEEEelabelindent=\dimen115
\IEEEdlabelindent=\dimen116
\IEEElabelindent=\dimen117
\IEEEiednormlabelsep=\dimen118
\IEEEiedmathlabelsep=\dimen119
\IEEEiedtopsep=\skip41
\c@section=\count82
\c@subsection=\count83
\c@subsubsection=\count84
\c@paragraph=\count85
\c@IEEEsubequation=\count86
\abovecaptionskip=\skip42
\belowcaptionskip=\skip43
\c@figure=\count87
\c@table=\count88
\@IEEEeqnnumcols=\count89
\@IEEEeqncolcnt=\count90
\@IEEEsubeqnnumrollback=\count91
\@IEEEquantizeheightA=\dimen120
\@IEEEquantizeheightB=\dimen121
\@IEEEquantizeheightC=\dimen122
\@IEEEquantizeprevdepth=\dimen123
\@IEEEquantizemultiple=\count92
\@IEEEquantizeboxA=\box26
\@IEEEtmpitemindent=\dimen124
\IEEEPARstartletwidth=\dimen125
\c@IEEEbiography=\count93
\@IEEEtranrubishbin=\box27
) (/usr/local/texlive/2015/texmf-dist/tex/latex/graphics/graphicx.sty
Package: graphicx 2014/10/28 v1.0g Enhanced LaTeX Graphics (DPC,SPQR)

(/usr/local/texlive/2015/texmf-dist/tex/latex/graphics/keyval.sty
Package: keyval 2014/10/28 v1.15 key=value parser (DPC)
\KV@toks@=\toks15
)
(/usr/local/texlive/2015/texmf-dist/tex/latex/graphics/graphics.sty
Package: graphics 2014/10/28 v1.0p Standard LaTeX Graphics (DPC,SPQR)

(/usr/local/texlive/2015/texmf-dist/tex/latex/graphics/trig.sty
Package: trig 1999/03/16 v1.09 sin cos tan (DPC)
)
(/usr/local/texlive/2015/texmf-dist/tex/latex/latexconfig/graphics.cfg
File: graphics.cfg 2010/04/23 v1.9 graphics configuration of TeX Live
)
Package graphics Info: Driver file: pdftex.def on input line 94.

(/usr/local/texlive/2015/texmf-dist/tex/latex/pdftex-def/pdftex.def
File: pdftex.def 2011/05/27 v0.06d Graphics/color for pdfTeX

(/usr/local/texlive/2015/texmf-dist/tex/generic/oberdiek/infwarerr.sty
Package: infwarerr 2010/04/08 v1.3 Providing info/warning/error messages (HO)
)
(/usr/local/texlive/2015/texmf-dist/tex/generic/oberdiek/ltxcmds.sty
Package: ltxcmds 2011/11/09 v1.22 LaTeX kernel commands for general use (HO)
)
\Gread@gobject=\count94
))
\Gin@req@height=\dimen126
\Gin@req@width=\dimen127
)
(/usr/local/texlive/2015/texmf-dist/tex/latex/enumitem/enumitem.sty
Package: enumitem 2011/09/28 v3.5.2 Customized lists
\labelindent=\skip44
\enit@outerparindent=\dimen128
\enit@toks=\toks16
\enit@inbox=\box28
\enitdp@description=\count95
)
(./report.aux)
\openout1 = `report.aux'.

LaTeX Font Info:    Checking defaults for OML/cmm/m/it on input line 316.
LaTeX Font Info:    ... okay on input line 316.
LaTeX Font Info:    Checking defaults for T1/cmr/m/n on input line 316.
LaTeX Font Info:    ... okay on input line 316.
LaTeX Font Info:    Checking defaults for OT1/cmr/m/n on input line 316.
LaTeX Font Info:    ... okay on input line 316.
LaTeX Font Info:    Checking defaults for OMS/cmsy/m/n on input line 316.
LaTeX Font Info:    ... okay on input line 316.
LaTeX Font Info:    Checking defaults for OMX/cmex/m/n on input line 316.
LaTeX Font Info:    ... okay on input line 316.
LaTeX Font Info:    Checking defaults for U/cmr/m/n on input line 316.
LaTeX Font Info:    ... okay on input line 316.

-- Lines per column: 56 (exact).
(/usr/local/texlive/2015/texmf-dist/tex/context/base/supp-pdf.mkii
[Loading MPS to PDF converter (version 2006.09.02).]
\scratchcounter=\count96
\scratchdimen=\dimen129
\scratchbox=\box29
\nofMPsegments=\count97
\nofMParguments=\count98
\everyMPshowfont=\toks17
\MPscratchCnt=\count99
\MPscratchDim=\dimen130
\MPnumerator=\count100
\makeMPintoPDFobject=\count101
\everyMPtoPDFconversion=\toks18
) (/usr/local/texlive/2015/texmf-dist/tex/generic/oberdiek/pdftexcmds.sty
Package: pdftexcmds 2011/11/29 v0.20 Utility functions of pdfTeX for LuaTeX (HO
)

(/usr/local/texlive/2015/texmf-dist/tex/generic/oberdiek/ifluatex.sty
Package: ifluatex 2010/03/01 v1.3 Provides the ifluatex switch (HO)
Package ifluatex Info: LuaTeX not detected.
)
(/usr/local/texlive/2015/texmf-dist/tex/generic/oberdiek/ifpdf.sty
Package: ifpdf 2011/01/30 v2.3 Provides the ifpdf switch (HO)
Package ifpdf Info: pdfTeX in PDF mode is detected.
)
Package pdftexcmds Info: LuaTeX not detected.
Package pdftexcmds Info: \pdf@primitive is available.
Package pdftexcmds Info: \pdf@ifprimitive is available.
Package pdftexcmds Info: \pdfdraftmode found.
)
(/usr/local/texlive/2015/texmf-dist/tex/latex/oberdiek/epstopdf-base.sty
Package: epstopdf-base 2010/02/09 v2.5 Base part for package epstopdf

(/usr/local/texlive/2015/texmf-dist/tex/latex/oberdiek/grfext.sty
Package: grfext 2010/08/19 v1.1 Manage graphics extensions (HO)

(/usr/local/texlive/2015/texmf-dist/tex/generic/oberdiek/kvdefinekeys.sty
Package: kvdefinekeys 2011/04/07 v1.3 Define keys (HO)
))
(/usr/local/texlive/2015/texmf-dist/tex/latex/oberdiek/kvoptions.sty
Package: kvoptions 2011/06/30 v3.11 Key value format for package options (HO)

(/usr/local/texlive/2015/texmf-dist/tex/generic/oberdiek/kvsetkeys.sty
Package: kvsetkeys 2012/04/25 v1.16 Key value parser (HO)

(/usr/local/texlive/2015/texmf-dist/tex/generic/oberdiek/etexcmds.sty
Package: etexcmds 2011/02/16 v1.5 Avoid name clashes with e-TeX commands (HO)
Package etexcmds Info: Could not find \expanded.
(etexcmds)             That can mean that you are not using pdfTeX 1.50 or
(etexcmds)             that some package has redefined \expanded.
(etexcmds)             In the latter case, load this package earlier.
)))
Package grfext Info: Graphics extension search list:
(grfext)             [.png,.pdf,.jpg,.mps,.jpeg,.jbig2,.jb2,.PNG,.PDF,.JPG,.JPE
G,.JBIG2,.JB2,.eps]
(grfext)             \AppendGraphicsExtensions on input line 452.

(/usr/local/texlive/2015/texmf-dist/tex/latex/latexconfig/epstopdf-sys.cfg
File: epstopdf-sys.cfg 2010/07/13 v1.3 Configuration of (r)epstopdf for TeX Liv
e
))
Missing character: There is no â in font ptmr7t!
Missing character: There is no € in font ptmr7t!
Missing character: There is no “ in font ptmr7t!
Missing character: There is no â in font ptmr7t!
Missing character: There is no € in font ptmr7t!
Missing character: There is no “ in font ptmr7t!
Missing character: There is no â in font ptmr7t!
Missing character: There is no € in font ptmr7t!
Missing character: There is no “ in font ptmr7t!

<GallerySample.jpg, id=1, 1431.3475pt x 739.76375pt>
File: GallerySample.jpg Graphic file (type jpg)
 <use GallerySample.jpg>
Package pdftex.def Info: GallerySample.jpg used on input line 407.
(pdftex.def)             Requested size: 214.69286pt x 110.95976pt.

<ProbeSample1.jpg, id=2, 1431.3475pt x 739.76375pt>
File: ProbeSample1.jpg Graphic file (type jpg)
 <use ProbeSample1.jpg>
Package pdftex.def Info: ProbeSample1.jpg used on input line 409.
(pdftex.def)             Requested size: 214.69286pt x 110.95976pt.

<ProbeSample2.jpg, id=3, 1431.3475pt x 739.76375pt>
File: ProbeSample2.jpg Graphic file (type jpg)
 <use ProbeSample2.jpg>
Package pdftex.def Info: ProbeSample2.jpg used on input line 411.
(pdftex.def)             Requested size: 214.69286pt x 110.95976pt.

[1{/usr/local/texlive/2015/texmf-var/fonts/map/pdftex/updmap/pdftex.map}


 <./GallerySample.jpg> <./ProbeSample1.jpg> <./ProbeSample2.jpg>]
LaTeX Font Info:    External font `cmex10' loaded for size
(Font)              <7> on input line 428.
LaTeX Font Info:    External font `cmex10' loaded for size
(Font)              <5> on input line 428.

<top3eigenfaces.jpg, id=13, 1435.3625pt x 742.775pt>
File: top3eigenfaces.jpg Graphic file (type jpg)
 <use top3eigenfaces.jpg>
Package pdftex.def Info: top3eigenfaces.jpg used on input line 444.
(pdftex.def)             Requested size: 215.29509pt x 111.41144pt.


LaTeX Warning: `!h' float specifier changed to `!ht'.

<MembershipFunction.png, id=14, 394.47375pt x 75.28125pt>
File: MembershipFunction.png Graphic file (type png)

<use MembershipFunction.png>
Package pdftex.def Info: MembershipFunction.png used on input line 461.
(pdftex.def)             Requested size: 197.23639pt x 37.64052pt.
 <UpdateMean.png, id=16, 261.97874pt x 76.285pt>
File: UpdateMean.png Graphic file (type png)

<use UpdateMean.png>
Package pdftex.def Info: UpdateMean.png used on input line 468.
(pdftex.def)             Requested size: 130.98904pt x 38.1424pt.
 <ObjectiveFunction.png, id=17, 324.21124pt x 61.22874pt>
File: ObjectiveFunction.png Graphic file (type png)

<use ObjectiveFunction.png>
Package pdftex.def Info: ObjectiveFunction.png used on input line 475.
(pdftex.def)             Requested size: 162.10522pt x 30.61429pt.


LaTeX Warning: `!h' float specifier changed to `!ht'.

[2 <./top3eigenfaces.jpg> <./MembershipFunction.png> <./UpdateMean.png>]
<Rank1recognitionRateEuclideanDist.jpg, id=28, 1435.3625pt x 742.775pt>
File: Rank1recognitionRateEuclideanDist.jpg Graphic file (type jpg)

<use Rank1recognitionRateEuclideanDist.jpg>
Package pdftex.def Info: Rank1recognitionRateEuclideanDist.jpg used on input li
ne 514.
(pdftex.def)             Requested size: 569.05511pt x 294.47528pt.

Overfull \hbox (53.05511pt too wide) in paragraph at lines 514--515
 [][] 
 []


LaTeX Warning: `!h' float specifier changed to `!ht'.

<forTop10Coeffecients.jpg, id=29, 1435.3625pt x 742.775pt>
File: forTop10Coeffecients.jpg Graphic file (type jpg)

<use forTop10Coeffecients.jpg>
Package pdftex.def Info: forTop10Coeffecients.jpg used on input line 528.
(pdftex.def)             Requested size: 569.05511pt x 294.47528pt.

Overfull \hbox (53.05511pt too wide) in paragraph at lines 528--529
 [][] 
 []

<forTop20Coeffecients.jpg, id=30, 1435.3625pt x 742.775pt>
File: forTop20Coeffecients.jpg Graphic file (type jpg)

<use forTop20Coeffecients.jpg>
Package pdftex.def Info: forTop20Coeffecients.jpg used on input line 531.
(pdftex.def)             Requested size: 569.05511pt x 294.47528pt.

Overfull \hbox (53.05511pt too wide) in paragraph at lines 531--532
 [][] 
 []

<forTop30Coeffecients.jpg, id=31, 1435.3625pt x 742.775pt>
File: forTop30Coeffecients.jpg Graphic file (type jpg)

<use forTop30Coeffecients.jpg>
Package pdftex.def Info: forTop30Coeffecients.jpg used on input line 539.
(pdftex.def)             Requested size: 569.05511pt x 294.47528pt.

Overfull \hbox (53.05511pt too wide) in paragraph at lines 539--540
 [][] 
 []

<forTop40Coeffecients.jpg, id=32, 1435.3625pt x 742.775pt>
File: forTop40Coeffecients.jpg Graphic file (type jpg)

<use forTop40Coeffecients.jpg>
Package pdftex.def Info: forTop40Coeffecients.jpg used on input line 542.
(pdftex.def)             Requested size: 569.05511pt x 294.47528pt.

Overfull \hbox (53.05511pt too wide) in paragraph at lines 542--543
 [][] 
 []

<forTop50Coeffecients.jpg, id=33, 1435.3625pt x 742.775pt>
File: forTop50Coeffecients.jpg Graphic file (type jpg)

<use forTop50Coeffecients.jpg>
Package pdftex.def Info: forTop50Coeffecients.jpg used on input line 549.
(pdftex.def)             Requested size: 569.05511pt x 294.47528pt.

Overfull \hbox (53.05511pt too wide) in paragraph at lines 549--550
 [][] 
 []

<forTop60Coeffecients.jpg, id=34, 1435.3625pt x 742.775pt>
File: forTop60Coeffecients.jpg Graphic file (type jpg)

<use forTop60Coeffecients.jpg>
Package pdftex.def Info: forTop60Coeffecients.jpg used on input line 552.
(pdftex.def)             Requested size: 569.05511pt x 294.47528pt.

Overfull \hbox (53.05511pt too wide) in paragraph at lines 552--553
 [][] 
 []

<forTop70Coefficients.jpg, id=35, 1435.3625pt x 742.775pt>
File: forTop70Coefficients.jpg Graphic file (type jpg)

<use forTop70Coefficients.jpg>
Package pdftex.def Info: forTop70Coefficients.jpg used on input line 560.
(pdftex.def)             Requested size: 569.05511pt x 294.47528pt.

Overfull \hbox (53.05511pt too wide) in paragraph at lines 560--561
 [][] 
 []

<forTop80Coeffecients.jpg, id=36, 1435.3625pt x 742.775pt>
File: forTop80Coeffecients.jpg Graphic file (type jpg)

<use forTop80Coeffecients.jpg>
Package pdftex.def Info: forTop80Coeffecients.jpg used on input line 563.
(pdftex.def)             Requested size: 569.05511pt x 294.47528pt.

Overfull \hbox (53.05511pt too wide) in paragraph at lines 563--564
 [][] 
 []

<forTop90Coeffecients.jpg, id=37, 1435.3625pt x 742.775pt>
File: forTop90Coeffecients.jpg Graphic file (type jpg)

<use forTop90Coeffecients.jpg>
Package pdftex.def Info: forTop90Coeffecients.jpg used on input line 570.
(pdftex.def)             Requested size: 569.05511pt x 294.47528pt.

Overfull \hbox (53.05511pt too wide) in paragraph at lines 570--571
 [][] 
 []

<forTop100Coeffecients.jpg, id=38, 1435.3625pt x 742.775pt>
File: forTop100Coeffecients.jpg Graphic file (type jpg)

<use forTop100Coeffecients.jpg>
Package pdftex.def Info: forTop100Coeffecients.jpg used on input line 573.
(pdftex.def)             Requested size: 569.05511pt x 294.47528pt.

Overfull \hbox (53.05511pt too wide) in paragraph at lines 573--574
 [][] 
 []

<PerformanceWithoutPCA.jpg, id=39, 1435.3625pt x 742.775pt>
File: PerformanceWithoutPCA.jpg Graphic file (type jpg)

<use PerformanceWithoutPCA.jpg>
Package pdftex.def Info: PerformanceWithoutPCA.jpg used on input line 584.
(pdftex.def)             Requested size: 569.05511pt x 294.47528pt.

Overfull \hbox (53.05511pt too wide) in paragraph at lines 584--585
 [][] 
 []


Underfull \vbox (badness 10000) has occurred while \output is active []

 [3 <./ObjectiveFunction.png>]
<IndexVSNumberofCoeffecients.jpg, id=44, 1435.3625pt x 742.775pt>
File: IndexVSNumberofCoeffecients.jpg Graphic file (type jpg)

<use IndexVSNumberofCoeffecients.jpg>
Package pdftex.def Info: IndexVSNumberofCoeffecients.jpg used on input line 598
.
(pdftex.def)             Requested size: 569.05511pt x 294.47528pt.

Overfull \hbox (53.05511pt too wide) in paragraph at lines 598--599
 [][] 
 []

<Silhoutte_Index.jpg, id=45, 1431.3475pt x 739.76375pt>
File: Silhoutte_Index.jpg Graphic file (type jpg)

<use Silhoutte_Index.jpg>
Package pdftex.def Info: Silhoutte_Index.jpg used on input line 600.
(pdftex.def)             Requested size: 569.05511pt x 294.10548pt.

Overfull \hbox (53.05511pt too wide) in paragraph at lines 600--601
 [][] 
 []

<Entropies_withPCA_withoutSeed.jpg, id=46, 1196.47pt x 429.605pt>
File: Entropies_withPCA_withoutSeed.jpg Graphic file (type jpg)

<use Entropies_withPCA_withoutSeed.jpg>
Package pdftex.def Info: Entropies_withPCA_withoutSeed.jpg used on input line 6
07.
(pdftex.def)             Requested size: 569.05511pt x 204.32669pt.

Overfull \hbox (53.05511pt too wide) in paragraph at lines 607--608
 [][] 
 []

<Fmeasure_withPCA_withoutSeed.jpg, id=47, 1196.47pt x 573.14125pt>
File: Fmeasure_withPCA_withoutSeed.jpg Graphic file (type jpg)

<use Fmeasure_withPCA_withoutSeed.jpg>
Package pdftex.def Info: Fmeasure_withPCA_withoutSeed.jpg used on input line 60
9.
(pdftex.def)             Requested size: 569.05511pt x 272.59474pt.

Overfull \hbox (53.05511pt too wide) in paragraph at lines 609--610
 [][] 
 []

<Entropies_withPCA_withSeed.jpg, id=48, 562.1pt x 421.575pt>
File: Entropies_withPCA_withSeed.jpg Graphic file (type jpg)

<use Entropies_withPCA_withSeed.jpg>
Package pdftex.def Info: Entropies_withPCA_withSeed.jpg used on input line 615.

(pdftex.def)             Requested size: 379.3754pt x 284.52756pt.

<Fmeasure_withPCA_withSeed.jpg, id=49, 562.1pt x 421.575pt>
File: Fmeasure_withPCA_withSeed.jpg Graphic file (type jpg)

<use Fmeasure_withPCA_withSeed.jpg>
Package pdftex.def Info: Fmeasure_withPCA_withSeed.jpg used on input line 617.
(pdftex.def)             Requested size: 379.3754pt x 284.52756pt.

Underfull \vbox (badness 10000) has occurred while \output is active []


Underfull \vbox (badness 10000) has occurred while \output is active []

 [4 <./Rank1recognitionRateEuclideanDist.jpg>] [5 <./forTop10Coeffecients.jpg> 
<./forTop20Coeffecients.jpg>] [6 <./forTop30Coeffecients.jpg> <./forTop40Coeffe
cients.jpg>] [7 <./forTop50Coeffecients.jpg> <./forTop60Coeffecients.jpg>] [8 <
./forTop70Coefficients.jpg> <./forTop80Coeffecients.jpg>] [9 <./forTop90Coeffec
ients.jpg> <./forTop100Coeffecients.jpg>]
Underfull \hbox (badness 1354) in paragraph at lines 769--771
\OT1/ptm/m/n/8 for Video Tech-nol-ogy, vol. 14, no. 1, pp. 4-20, Jan. 2004. doi
:
 []


** Conference Paper **
Before submitting the final camera ready copy, remember to:

 1. Manually equalize the lengths of two columns on the last page
 of your paper;

 2. Ensure that any PostScript and/or PDF output post-processing
 uses only Type 1 fonts and that every step in the generation
 process uses the appropriate paper size.

[10

 <./PerformanceWithoutPCA.jpg>] [11 <./IndexVSNumberofCoeffecients.jpg> <./Silh
outte_Index.jpg>] [12 <./Entropies_withPCA_withoutSeed.jpg> <./Fmeasure_withPCA
_withoutSeed.jpg>] [13 <./Entropies_withPCA_withSeed.jpg> <./Fmeasure_withPCA_w
ithSeed.jpg>] (./report.aux) ) 
Here is how much of TeX's memory you used:
 2731 strings out of 493089
 46533 string characters out of 6134842
 116176 words of memory out of 5000000
 6188 multiletter control sequences out of 15000+600000
 36852 words of font info for 66 fonts, out of 8000000 for 9000
 1144 hyphenation exceptions out of 8191
 37i,7n,23p,1173b,335s stack positions out of 5000i,500n,10000p,200000b,80000s
{/usr/local/texlive/2015/texmf-dist/fonts/enc/dvi
ps/base/8r.enc}</usr/local/texlive/2015/texmf-dist/fonts/type1/public/amsfonts/
cm/cmmi10.pfb></usr/local/texlive/2015/texmf-dist/fonts/type1/public/amsfonts/c
m/cmmi7.pfb></usr/local/texlive/2015/texmf-dist/fonts/type1/public/amsfonts/cm/
cmr10.pfb></usr/local/texlive/2015/texmf-dist/fonts/type1/public/amsfonts/cm/cm
sy10.pfb></usr/local/texlive/2015/texmf-dist/fonts/type1/urw/times/utmb8a.pfb><
/usr/local/texlive/2015/texmf-dist/fonts/type1/urw/times/utmbi8a.pfb></usr/loca
l/texlive/2015/texmf-dist/fonts/type1/urw/times/utmr8a.pfb></usr/local/texlive/
2015/texmf-dist/fonts/type1/urw/times/utmr8a.pfb></usr/local/texlive/2015/texmf
-dist/fonts/type1/urw/times/utmri8a.pfb>
Output written on report.pdf (13 pages, 1379745 bytes).
PDF statistics:
 113 PDF objects out of 1000 (max. 8388607)
 60 compressed objects within 1 object stream
 0 named destinations out of 1000 (max. 500000)
 126 words of extra memory for PDF output out of 10000 (max. 10000000)

