This is pdfTeX, Version 3.14159265-2.6-1.40.16 (TeX Live 2015) (preloaded format=pdflatex 2015.5.24)  13 NOV 2016 23:25
entering extended mode
 restricted \write18 enabled.
 file:line:error style messages enabled.
 %&-line parsing enabled.
**report.tex
(./report.tex
LaTeX2e <2015/01/01>
Babel <3.9l> and hyphenation patterns for 79 languages loaded.
(/usr/local/texlive/2015/texmf-dist/tex/latex/base/article.cls
Document Class: article 2014/09/29 v1.4h Standard LaTeX document class
(/usr/local/texlive/2015/texmf-dist/tex/latex/base/size10.clo
File: size10.clo 2014/09/29 v1.4h Standard LaTeX file (size option)
)
\c@part=\count79
\c@section=\count80
\c@subsection=\count81
\c@subsubsection=\count82
\c@paragraph=\count83
\c@subparagraph=\count84
\c@figure=\count85
\c@table=\count86
\abovecaptionskip=\skip41
\belowcaptionskip=\skip42
\bibindent=\dimen102
)
(/usr/local/texlive/2015/texmf-dist/tex/latex/graphics/graphicx.sty
Package: graphicx 2014/10/28 v1.0g Enhanced LaTeX Graphics (DPC,SPQR)

(/usr/local/texlive/2015/texmf-dist/tex/latex/graphics/keyval.sty
Package: keyval 2014/10/28 v1.15 key=value parser (DPC)
\KV@toks@=\toks14
)
(/usr/local/texlive/2015/texmf-dist/tex/latex/graphics/graphics.sty
Package: graphics 2014/10/28 v1.0p Standard LaTeX Graphics (DPC,SPQR)

(/usr/local/texlive/2015/texmf-dist/tex/latex/graphics/trig.sty
Package: trig 1999/03/16 v1.09 sin cos tan (DPC)
)
(/usr/local/texlive/2015/texmf-dist/tex/latex/latexconfig/graphics.cfg
File: graphics.cfg 2010/04/23 v1.9 graphics configuration of TeX Live
)
Package graphics Info: Driver file: pdftex.def on input line 94.

(/usr/local/texlive/2015/texmf-dist/tex/latex/pdftex-def/pdftex.def
File: pdftex.def 2011/05/27 v0.06d Graphics/color for pdfTeX

(/usr/local/texlive/2015/texmf-dist/tex/generic/oberdiek/infwarerr.sty
Package: infwarerr 2010/04/08 v1.3 Providing info/warning/error messages (HO)
)
(/usr/local/texlive/2015/texmf-dist/tex/generic/oberdiek/ltxcmds.sty
Package: ltxcmds 2011/11/09 v1.22 LaTeX kernel commands for general use (HO)
)
\Gread@gobject=\count87
))
\Gin@req@height=\dimen103
\Gin@req@width=\dimen104
)
(/usr/local/texlive/2015/texmf-dist/tex/latex/geometry/geometry.sty
Package: geometry 2010/09/12 v5.6 Page Geometry

(/usr/local/texlive/2015/texmf-dist/tex/generic/oberdiek/ifpdf.sty
Package: ifpdf 2011/01/30 v2.3 Provides the ifpdf switch (HO)
Package ifpdf Info: pdfTeX in PDF mode is detected.
)
(/usr/local/texlive/2015/texmf-dist/tex/generic/oberdiek/ifvtex.sty
Package: ifvtex 2010/03/01 v1.5 Detect VTeX and its facilities (HO)
Package ifvtex Info: VTeX not detected.
)
(/usr/local/texlive/2015/texmf-dist/tex/generic/ifxetex/ifxetex.sty
Package: ifxetex 2010/09/12 v0.6 Provides ifxetex conditional
)
\Gm@cnth=\count88
\Gm@cntv=\count89
\c@Gm@tempcnt=\count90
\Gm@bindingoffset=\dimen105
\Gm@wd@mp=\dimen106
\Gm@odd@mp=\dimen107
\Gm@even@mp=\dimen108
\Gm@layoutwidth=\dimen109
\Gm@layoutheight=\dimen110
\Gm@layouthoffset=\dimen111
\Gm@layoutvoffset=\dimen112
\Gm@dimlist=\toks15
)
(/usr/local/texlive/2015/texmf-dist/tex/latex/amsmath/amsmath.sty
Package: amsmath 2013/01/14 v2.14 AMS math features
\@mathmargin=\skip43

For additional information on amsmath, use the `?' option.
(/usr/local/texlive/2015/texmf-dist/tex/latex/amsmath/amstext.sty
Package: amstext 2000/06/29 v2.01

(/usr/local/texlive/2015/texmf-dist/tex/latex/amsmath/amsgen.sty
File: amsgen.sty 1999/11/30 v2.0
\@emptytoks=\toks16
\ex@=\dimen113
))
(/usr/local/texlive/2015/texmf-dist/tex/latex/amsmath/amsbsy.sty
Package: amsbsy 1999/11/29 v1.2d
\pmbraise@=\dimen114
)
(/usr/local/texlive/2015/texmf-dist/tex/latex/amsmath/amsopn.sty
Package: amsopn 1999/12/14 v2.01 operator names
)
\inf@bad=\count91
LaTeX Info: Redefining \frac on input line 210.
\uproot@=\count92
\leftroot@=\count93
LaTeX Info: Redefining \overline on input line 306.
\classnum@=\count94
\DOTSCASE@=\count95
LaTeX Info: Redefining \ldots on input line 378.
LaTeX Info: Redefining \dots on input line 381.
LaTeX Info: Redefining \cdots on input line 466.
\Mathstrutbox@=\box26
\strutbox@=\box27
\big@size=\dimen115
LaTeX Font Info:    Redeclaring font encoding OML on input line 566.
LaTeX Font Info:    Redeclaring font encoding OMS on input line 567.
\macc@depth=\count96
\c@MaxMatrixCols=\count97
\dotsspace@=\muskip10
\c@parentequation=\count98
\dspbrk@lvl=\count99
\tag@help=\toks17
\row@=\count100
\column@=\count101
\maxfields@=\count102
\andhelp@=\toks18
\eqnshift@=\dimen116
\alignsep@=\dimen117
\tagshift@=\dimen118
\tagwidth@=\dimen119
\totwidth@=\dimen120
\lineht@=\dimen121
\@envbody=\toks19
\multlinegap=\skip44
\multlinetaggap=\skip45
\mathdisplay@stack=\toks20
LaTeX Info: Redefining \[ on input line 2665.
LaTeX Info: Redefining \] on input line 2666.
)
(/usr/local/texlive/2015/texmf-dist/tex/latex/multirow/multirow.sty
\bigstrutjot=\dimen122
)
(./report.aux)
\openout1 = `report.aux'.

LaTeX Font Info:    Checking defaults for OML/cmm/m/it on input line 18.
LaTeX Font Info:    ... okay on input line 18.
LaTeX Font Info:    Checking defaults for T1/cmr/m/n on input line 18.
LaTeX Font Info:    ... okay on input line 18.
LaTeX Font Info:    Checking defaults for OT1/cmr/m/n on input line 18.
LaTeX Font Info:    ... okay on input line 18.
LaTeX Font Info:    Checking defaults for OMS/cmsy/m/n on input line 18.
LaTeX Font Info:    ... okay on input line 18.
LaTeX Font Info:    Checking defaults for OMX/cmex/m/n on input line 18.
LaTeX Font Info:    ... okay on input line 18.
LaTeX Font Info:    Checking defaults for U/cmr/m/n on input line 18.
LaTeX Font Info:    ... okay on input line 18.

(/usr/local/texlive/2015/texmf-dist/tex/context/base/supp-pdf.mkii
[Loading MPS to PDF converter (version 2006.09.02).]
\scratchcounter=\count103
\scratchdimen=\dimen123
\scratchbox=\box28
\nofMPsegments=\count104
\nofMParguments=\count105
\everyMPshowfont=\toks21
\MPscratchCnt=\count106
\MPscratchDim=\dimen124
\MPnumerator=\count107
\makeMPintoPDFobject=\count108
\everyMPtoPDFconversion=\toks22
) (/usr/local/texlive/2015/texmf-dist/tex/generic/oberdiek/pdftexcmds.sty
Package: pdftexcmds 2011/11/29 v0.20 Utility functions of pdfTeX for LuaTeX (HO
)

(/usr/local/texlive/2015/texmf-dist/tex/generic/oberdiek/ifluatex.sty
Package: ifluatex 2010/03/01 v1.3 Provides the ifluatex switch (HO)
Package ifluatex Info: LuaTeX not detected.
)
Package pdftexcmds Info: LuaTeX not detected.
Package pdftexcmds Info: \pdf@primitive is available.
Package pdftexcmds Info: \pdf@ifprimitive is available.
Package pdftexcmds Info: \pdfdraftmode found.
)
(/usr/local/texlive/2015/texmf-dist/tex/latex/oberdiek/epstopdf-base.sty
Package: epstopdf-base 2010/02/09 v2.5 Base part for package epstopdf

(/usr/local/texlive/2015/texmf-dist/tex/latex/oberdiek/grfext.sty
Package: grfext 2010/08/19 v1.1 Manage graphics extensions (HO)

(/usr/local/texlive/2015/texmf-dist/tex/generic/oberdiek/kvdefinekeys.sty
Package: kvdefinekeys 2011/04/07 v1.3 Define keys (HO)
))
(/usr/local/texlive/2015/texmf-dist/tex/latex/oberdiek/kvoptions.sty
Package: kvoptions 2011/06/30 v3.11 Key value format for package options (HO)

(/usr/local/texlive/2015/texmf-dist/tex/generic/oberdiek/kvsetkeys.sty
Package: kvsetkeys 2012/04/25 v1.16 Key value parser (HO)

(/usr/local/texlive/2015/texmf-dist/tex/generic/oberdiek/etexcmds.sty
Package: etexcmds 2011/02/16 v1.5 Avoid name clashes with e-TeX commands (HO)
Package etexcmds Info: Could not find \expanded.
(etexcmds)             That can mean that you are not using pdfTeX 1.50 or
(etexcmds)             that some package has redefined \expanded.
(etexcmds)             In the latter case, load this package earlier.
)))
Package grfext Info: Graphics extension search list:
(grfext)             [.png,.pdf,.jpg,.mps,.jpeg,.jbig2,.jb2,.PNG,.PDF,.JPG,.JPE
G,.JBIG2,.JB2,.eps]
(grfext)             \AppendGraphicsExtensions on input line 452.

(/usr/local/texlive/2015/texmf-dist/tex/latex/latexconfig/epstopdf-sys.cfg
File: epstopdf-sys.cfg 2010/07/13 v1.3 Configuration of (r)epstopdf for TeX Liv
e
))
*geometry* driver: auto-detecting
*geometry* detected driver: pdftex
*geometry* verbose mode - [ preamble ] result:
* driver: pdftex
* paper: letterpaper
* layout: <same size as paper>
* layoutoffset:(h,v)=(0.0pt,0.0pt)
* modes: 
* h-part:(L,W,R)=(92.14519pt, 430.00462pt, 92.14519pt)
* v-part:(T,H,B)=(95.39737pt, 627.30263pt, 72.26999pt)
* \paperwidth=614.295pt
* \paperheight=794.96999pt
* \textwidth=505.89pt
* \textheight=627.30263pt
* \oddsidemargin=-21.68121pt
* \evensidemargin=-21.68121pt
* \topmargin=-65.04256pt
* \headheight=12.0pt
* \headsep=25.0pt
* \topskip=10.0pt
* \footskip=30.0pt
* \marginparwidth=65.0pt
* \marginparsep=11.0pt
* \columnsep=10.0pt
* \skip\footins=9.0pt plus 4.0pt minus 2.0pt
* \hoffset=0.0pt
* \voffset=0.0pt
* \mag=1000
* \@twocolumnfalse
* \@twosidefalse
* \@mparswitchfalse
* \@reversemarginfalse
* (1in=72.27pt=25.4mm, 1cm=28.453pt)

LaTeX Font Info:    External font `cmex10' loaded for size
(Font)              <12> on input line 20.
LaTeX Font Info:    External font `cmex10' loaded for size
(Font)              <8> on input line 20.
LaTeX Font Info:    External font `cmex10' loaded for size
(Font)              <6> on input line 20.
LaTeX Font Info:    External font `cmex10' loaded for size
(Font)              <7> on input line 29.
LaTeX Font Info:    External font `cmex10' loaded for size
(Font)              <5> on input line 29.
<MembershipFunction.png, id=1, 394.47375pt x 75.28125pt>
File: MembershipFunction.png Graphic file (type png)

<use MembershipFunction.png>
Package pdftex.def Info: MembershipFunction.png used on input line 34.
(pdftex.def)             Requested size: 197.23639pt x 37.64052pt.
 <UpdateMean.png, id=3, 261.97874pt x 76.285pt>
File: UpdateMean.png Graphic file (type png)

<use UpdateMean.png>
Package pdftex.def Info: UpdateMean.png used on input line 41.
(pdftex.def)             Requested size: 130.98904pt x 38.1424pt.
 <ObjectiveFunction.png, id=4, 324.21124pt x 61.22874pt>
File: ObjectiveFunction.png Graphic file (type png)

<use ObjectiveFunction.png>
Package pdftex.def Info: ObjectiveFunction.png used on input line 48.
(pdftex.def)             Requested size: 162.10522pt x 30.61429pt.

<JvsIterations_0mean.jpg, id=5, 1244.65pt x 626.34pt>
File: JvsIterations_0mean.jpg Graphic file (type jpg)

<use JvsIterations_0mean.jpg>
Package pdftex.def Info: JvsIterations_0mean.jpg used on input line 72.
(pdftex.def)             Requested size: 497.85118pt x 250.53156pt.


LaTeX Warning: `!h' float specifier changed to `!ht'.

<JvsIterations_1mean.jpg, id=6, 1945.2675pt x 978.65625pt>
File: JvsIterations_1mean.jpg Graphic file (type jpg)

<use JvsIterations_1mean.jpg>
Package pdftex.def Info: JvsIterations_1mean.jpg used on input line 79.
(pdftex.def)             Requested size: 486.31569pt x 244.66347pt.


LaTeX Warning: `!h' float specifier changed to `!ht'.

<JvsIterations_2mean.jpg, id=7, 562.1pt x 421.575pt>
File: JvsIterations_2mean.jpg Graphic file (type jpg)

<use JvsIterations_2mean.jpg>
Package pdftex.def Info: JvsIterations_2mean.jpg used on input line 86.
(pdftex.def)             Requested size: 421.57397pt x 316.18047pt.


LaTeX Warning: `!h' float specifier changed to `!ht'.

<JvsIterations_3mean.jpg, id=8, 562.1pt x 421.575pt>
File: JvsIterations_3mean.jpg Graphic file (type jpg)

<use JvsIterations_3mean.jpg>
Package pdftex.def Info: JvsIterations_3mean.jpg used on input line 93.
(pdftex.def)             Requested size: 421.57397pt x 316.18047pt.


LaTeX Warning: `!h' float specifier changed to `!ht'.

[1

{/usr/local/texlive/2015/texmf-var/fonts/map/pdftex/updmap/pdftex.map} <./Membe
rshipFunction.png> <./UpdateMean.png> <./ObjectiveFunction.png>] [2 <./JvsItera
tions_0mean.jpg> <./JvsIterations_1mean.jpg>] [3 <./JvsIterations_2mean.jpg>] <
dunnsindex.png, id=32, 549.05125pt x 64.24pt>
File: dunnsindex.png Graphic file (type png)
 <use dunnsindex.png>
Package pdftex.def Info: dunnsindex.png used on input line 126.
(pdftex.def)             Requested size: 411.78743pt x 48.17987pt.
 [4 <./JvsIterations_3mean.jpg> <./dunnsindex.png>]
<Davis.png, id=37, 346.29375pt x 74.2775pt>
File: Davis.png Graphic file (type png)
 <use Davis.png>
Package pdftex.def Info: Davis.png used on input line 152.
(pdftex.def)             Requested size: 259.71967pt x 55.70798pt.


LaTeX Warning: No positions in optional float specifier.
               Default added (so using `tbp') on input line 171.

<Dendrogram.jpg, id=38, 1244.65pt x 626.34pt>
File: Dendrogram.jpg Graphic file (type jpg)
 <use Dendrogram.jpg>
Package pdftex.def Info: Dendrogram.jpg used on input line 203.
(pdftex.def)             Requested size: 560.08733pt x 281.85039pt.

Overfull \hbox (54.19733pt too wide) in paragraph at lines 203--204
 [][] 
 []

<Dendrogram_1.jpg, id=39, 1244.65pt x 626.34pt>
File: Dendrogram_1.jpg Graphic file (type jpg)
 <use Dendrogram_1.jpg>
Package pdftex.def Info: Dendrogram_1.jpg used on input line 209.
(pdftex.def)             Requested size: 560.08733pt x 281.85039pt.

Overfull \hbox (54.19733pt too wide) in paragraph at lines 209--210
 [][] 
 []

<Dendrogram_2.jpg, id=40, 1244.65pt x 626.34pt>
File: Dendrogram_2.jpg Graphic file (type jpg)
 <use Dendrogram_2.jpg>
Package pdftex.def Info: Dendrogram_2.jpg used on input line 215.
(pdftex.def)             Requested size: 560.08733pt x 281.85039pt.

Overfull \hbox (54.19733pt too wide) in paragraph at lines 215--216
 [][] 
 []


LaTeX Warning: `!h' float specifier changed to `!ht'.


LaTeX Warning: `!h' float specifier changed to `!ht'.


LaTeX Warning: `!h' float specifier changed to `!ht'.

[5 <./Davis.png>] [6 <./Dendrogram.jpg>]
<DataPresentation.jpg, id=49, 1284.8pt x 653.44125pt>
File: DataPresentation.jpg Graphic file (type jpg)

<use DataPresentation.jpg>
Package pdftex.def Info: DataPresentation.jpg used on input line 228.
(pdftex.def)             Requested size: 578.15466pt x 294.04584pt.

Overfull \hbox (72.26466pt too wide) in paragraph at lines 228--229
 [][] 
 []


LaTeX Warning: `!h' float specifier changed to `!ht'.

<PresentingKmeansResult.jpg, id=50, 1284.8pt x 653.44125pt>
File: PresentingKmeansResult.jpg Graphic file (type jpg)

<use PresentingKmeansResult.jpg>
Package pdftex.def Info: PresentingKmeansResult.jpg used on input line 234.
(pdftex.def)             Requested size: 578.15466pt x 294.04584pt.

Overfull \hbox (72.26466pt too wide) in paragraph at lines 234--235
 [][] 
 []


LaTeX Warning: `!h' float specifier changed to `!ht'.

<PresentingKmeansResultforK2.jpg, id=51, 1284.8pt x 653.44125pt>
File: PresentingKmeansResultforK2.jpg Graphic file (type jpg)

<use PresentingKmeansResultforK2.jpg>
Package pdftex.def Info: PresentingKmeansResultforK2.jpg used on input line 240
.
(pdftex.def)             Requested size: 578.15466pt x 294.04584pt.

Overfull \hbox (72.26466pt too wide) in paragraph at lines 240--241
 [][] 
 []


LaTeX Warning: `!h' float specifier changed to `!ht'.

[7 <./Dendrogram_1.jpg>] [8 <./Dendrogram_2.jpg>] [9 <./DataPresentation.jpg>]
[10 <./PresentingKmeansResult.jpg>] [11 <./PresentingKmeansResultforK2.jpg>]
(./report.aux) ) 
Here is how much of TeX's memory you used:
 2667 strings out of 493089
 37459 string characters out of 6134842
 110553 words of memory out of 5000000
 6115 multiletter control sequences out of 15000+600000
 7504 words of font info for 27 fonts, out of 8000000 for 9000
 1141 hyphenation exceptions out of 8191
 38i,7n,23p,847b,443s stack positions out of 5000i,500n,10000p,200000b,80000s
</usr/local/texlive/2015/texmf-dist/fonts/type1/public/amsfonts
/cm/cmbx10.pfb></usr/local/texlive/2015/texmf-dist/fonts/type1/public/amsfonts/
cm/cmmi10.pfb></usr/local/texlive/2015/texmf-dist/fonts/type1/public/amsfonts/c
m/cmmi7.pfb></usr/local/texlive/2015/texmf-dist/fonts/type1/public/amsfonts/cm/
cmr10.pfb></usr/local/texlive/2015/texmf-dist/fonts/type1/public/amsfonts/cm/cm
r12.pfb></usr/local/texlive/2015/texmf-dist/fonts/type1/public/amsfonts/cm/cmr1
7.pfb></usr/local/texlive/2015/texmf-dist/fonts/type1/public/amsfonts/cm/cmr7.p
fb></usr/local/texlive/2015/texmf-dist/fonts/type1/public/amsfonts/cm/cmsl10.pf
b></usr/local/texlive/2015/texmf-dist/fonts/type1/public/amsfonts/cm/cmsy10.pfb
></usr/local/texlive/2015/texmf-dist/fonts/type1/public/amsfonts/cm/cmtt10.pfb>

Output written on report.pdf (11 pages, 707043 bytes).
PDF statistics:
 101 PDF objects out of 1000 (max. 8388607)
 57 compressed objects within 1 object stream
 0 named destinations out of 1000 (max. 500000)
 76 words of extra memory for PDF output out of 10000 (max. 10000000)

