This is pdfTeX, Version 3.14159265-2.6-1.40.16 (TeX Live 2015) (preloaded format=pdflatex 2015.5.24)  18 OCT 2016 23:47
entering extended mode
 restricted \write18 enabled.
 file:line:error style messages enabled.
 %&-line parsing enabled.
**report.tex
(./report.tex
LaTeX2e <2015/01/01>
Babel <3.9l> and hyphenation patterns for 79 languages loaded.
(./IEEEtran.cls
Document Class: IEEEtran 2015/08/26 V1.8b by Michael Shell
-- See the "IEEEtran_HOWTO" manual for usage information.
-- http://www.michaelshell.org/tex/ieeetran/
\@IEEEtrantmpdimenA=\dimen102
\@IEEEtrantmpdimenB=\dimen103
\@IEEEtrantmpdimenC=\dimen104
\@IEEEtrantmpcountA=\count79
\@IEEEtrantmpcountB=\count80
\@IEEEtrantmpcountC=\count81
\@IEEEtrantmptoksA=\toks14
LaTeX Font Info:    Try loading font information for OT1+ptm on input line 503.

(/usr/local/texlive/2015/texmf-dist/tex/latex/psnfss/ot1ptm.fd
File: ot1ptm.fd 2001/06/04 font definitions for OT1/ptm.
)
-- Using 8.5in x 11in (letter) paper.
-- Using PDF output.
\@IEEEnormalsizeunitybaselineskip=\dimen105
-- This is a 10 point document.
\CLASSINFOnormalsizebaselineskip=\dimen106
\CLASSINFOnormalsizeunitybaselineskip=\dimen107
\IEEEnormaljot=\dimen108
LaTeX Font Info:    Font shape `OT1/ptm/bx/n' in size <5> not available
(Font)              Font shape `OT1/ptm/b/n' tried instead on input line 1090.
LaTeX Font Info:    Font shape `OT1/ptm/bx/it' in size <5> not available
(Font)              Font shape `OT1/ptm/b/it' tried instead on input line 1090.

LaTeX Font Info:    Font shape `OT1/ptm/bx/n' in size <7> not available
(Font)              Font shape `OT1/ptm/b/n' tried instead on input line 1090.
LaTeX Font Info:    Font shape `OT1/ptm/bx/it' in size <7> not available
(Font)              Font shape `OT1/ptm/b/it' tried instead on input line 1090.

LaTeX Font Info:    Font shape `OT1/ptm/bx/n' in size <8> not available
(Font)              Font shape `OT1/ptm/b/n' tried instead on input line 1090.
LaTeX Font Info:    Font shape `OT1/ptm/bx/it' in size <8> not available
(Font)              Font shape `OT1/ptm/b/it' tried instead on input line 1090.

LaTeX Font Info:    Font shape `OT1/ptm/bx/n' in size <9> not available
(Font)              Font shape `OT1/ptm/b/n' tried instead on input line 1090.
LaTeX Font Info:    Font shape `OT1/ptm/bx/it' in size <9> not available
(Font)              Font shape `OT1/ptm/b/it' tried instead on input line 1090.

LaTeX Font Info:    Font shape `OT1/ptm/bx/n' in size <10> not available
(Font)              Font shape `OT1/ptm/b/n' tried instead on input line 1090.
LaTeX Font Info:    Font shape `OT1/ptm/bx/it' in size <10> not available
(Font)              Font shape `OT1/ptm/b/it' tried instead on input line 1090.

LaTeX Font Info:    Font shape `OT1/ptm/bx/n' in size <11> not available
(Font)              Font shape `OT1/ptm/b/n' tried instead on input line 1090.
LaTeX Font Info:    Font shape `OT1/ptm/bx/it' in size <11> not available
(Font)              Font shape `OT1/ptm/b/it' tried instead on input line 1090.

LaTeX Font Info:    Font shape `OT1/ptm/bx/n' in size <12> not available
(Font)              Font shape `OT1/ptm/b/n' tried instead on input line 1090.
LaTeX Font Info:    Font shape `OT1/ptm/bx/it' in size <12> not available
(Font)              Font shape `OT1/ptm/b/it' tried instead on input line 1090.

LaTeX Font Info:    Font shape `OT1/ptm/bx/n' in size <17> not available
(Font)              Font shape `OT1/ptm/b/n' tried instead on input line 1090.
LaTeX Font Info:    Font shape `OT1/ptm/bx/it' in size <17> not available
(Font)              Font shape `OT1/ptm/b/it' tried instead on input line 1090.

LaTeX Font Info:    Font shape `OT1/ptm/bx/n' in size <20> not available
(Font)              Font shape `OT1/ptm/b/n' tried instead on input line 1090.
LaTeX Font Info:    Font shape `OT1/ptm/bx/it' in size <20> not available
(Font)              Font shape `OT1/ptm/b/it' tried instead on input line 1090.

LaTeX Font Info:    Font shape `OT1/ptm/bx/n' in size <24> not available
(Font)              Font shape `OT1/ptm/b/n' tried instead on input line 1090.
LaTeX Font Info:    Font shape `OT1/ptm/bx/it' in size <24> not available
(Font)              Font shape `OT1/ptm/b/it' tried instead on input line 1090.

\IEEEquantizedlength=\dimen109
\IEEEquantizedlengthdiff=\dimen110
\IEEEquantizedtextheightdiff=\dimen111
\IEEEilabelindentA=\dimen112
\IEEEilabelindentB=\dimen113
\IEEEilabelindent=\dimen114
\IEEEelabelindent=\dimen115
\IEEEdlabelindent=\dimen116
\IEEElabelindent=\dimen117
\IEEEiednormlabelsep=\dimen118
\IEEEiedmathlabelsep=\dimen119
\IEEEiedtopsep=\skip41
\c@section=\count82
\c@subsection=\count83
\c@subsubsection=\count84
\c@paragraph=\count85
\c@IEEEsubequation=\count86
\abovecaptionskip=\skip42
\belowcaptionskip=\skip43
\c@figure=\count87
\c@table=\count88
\@IEEEeqnnumcols=\count89
\@IEEEeqncolcnt=\count90
\@IEEEsubeqnnumrollback=\count91
\@IEEEquantizeheightA=\dimen120
\@IEEEquantizeheightB=\dimen121
\@IEEEquantizeheightC=\dimen122
\@IEEEquantizeprevdepth=\dimen123
\@IEEEquantizemultiple=\count92
\@IEEEquantizeboxA=\box26
\@IEEEtmpitemindent=\dimen124
\IEEEPARstartletwidth=\dimen125
\c@IEEEbiography=\count93
\@IEEEtranrubishbin=\box27
) (/usr/local/texlive/2015/texmf-dist/tex/latex/graphics/graphicx.sty
Package: graphicx 2014/10/28 v1.0g Enhanced LaTeX Graphics (DPC,SPQR)

(/usr/local/texlive/2015/texmf-dist/tex/latex/graphics/keyval.sty
Package: keyval 2014/10/28 v1.15 key=value parser (DPC)
\KV@toks@=\toks15
)
(/usr/local/texlive/2015/texmf-dist/tex/latex/graphics/graphics.sty
Package: graphics 2014/10/28 v1.0p Standard LaTeX Graphics (DPC,SPQR)

(/usr/local/texlive/2015/texmf-dist/tex/latex/graphics/trig.sty
Package: trig 1999/03/16 v1.09 sin cos tan (DPC)
)
(/usr/local/texlive/2015/texmf-dist/tex/latex/latexconfig/graphics.cfg
File: graphics.cfg 2010/04/23 v1.9 graphics configuration of TeX Live
)
Package graphics Info: Driver file: pdftex.def on input line 94.

(/usr/local/texlive/2015/texmf-dist/tex/latex/pdftex-def/pdftex.def
File: pdftex.def 2011/05/27 v0.06d Graphics/color for pdfTeX

(/usr/local/texlive/2015/texmf-dist/tex/generic/oberdiek/infwarerr.sty
Package: infwarerr 2010/04/08 v1.3 Providing info/warning/error messages (HO)
)
(/usr/local/texlive/2015/texmf-dist/tex/generic/oberdiek/ltxcmds.sty
Package: ltxcmds 2011/11/09 v1.22 LaTeX kernel commands for general use (HO)
)
\Gread@gobject=\count94
))
\Gin@req@height=\dimen126
\Gin@req@width=\dimen127
)
(./report.aux)
\openout1 = `report.aux'.

LaTeX Font Info:    Checking defaults for OML/cmm/m/it on input line 316.
LaTeX Font Info:    ... okay on input line 316.
LaTeX Font Info:    Checking defaults for T1/cmr/m/n on input line 316.
LaTeX Font Info:    ... okay on input line 316.
LaTeX Font Info:    Checking defaults for OT1/cmr/m/n on input line 316.
LaTeX Font Info:    ... okay on input line 316.
LaTeX Font Info:    Checking defaults for OMS/cmsy/m/n on input line 316.
LaTeX Font Info:    ... okay on input line 316.
LaTeX Font Info:    Checking defaults for OMX/cmex/m/n on input line 316.
LaTeX Font Info:    ... okay on input line 316.
LaTeX Font Info:    Checking defaults for U/cmr/m/n on input line 316.
LaTeX Font Info:    ... okay on input line 316.

-- Lines per column: 56 (exact).
(/usr/local/texlive/2015/texmf-dist/tex/context/base/supp-pdf.mkii
[Loading MPS to PDF converter (version 2006.09.02).]
\scratchcounter=\count95
\scratchdimen=\dimen128
\scratchbox=\box28
\nofMPsegments=\count96
\nofMParguments=\count97
\everyMPshowfont=\toks16
\MPscratchCnt=\count98
\MPscratchDim=\dimen129
\MPnumerator=\count99
\makeMPintoPDFobject=\count100
\everyMPtoPDFconversion=\toks17
) (/usr/local/texlive/2015/texmf-dist/tex/generic/oberdiek/pdftexcmds.sty
Package: pdftexcmds 2011/11/29 v0.20 Utility functions of pdfTeX for LuaTeX (HO
)

(/usr/local/texlive/2015/texmf-dist/tex/generic/oberdiek/ifluatex.sty
Package: ifluatex 2010/03/01 v1.3 Provides the ifluatex switch (HO)
Package ifluatex Info: LuaTeX not detected.
)
(/usr/local/texlive/2015/texmf-dist/tex/generic/oberdiek/ifpdf.sty
Package: ifpdf 2011/01/30 v2.3 Provides the ifpdf switch (HO)
Package ifpdf Info: pdfTeX in PDF mode is detected.
)
Package pdftexcmds Info: LuaTeX not detected.
Package pdftexcmds Info: \pdf@primitive is available.
Package pdftexcmds Info: \pdf@ifprimitive is available.
Package pdftexcmds Info: \pdfdraftmode found.
)
(/usr/local/texlive/2015/texmf-dist/tex/latex/oberdiek/epstopdf-base.sty
Package: epstopdf-base 2010/02/09 v2.5 Base part for package epstopdf

(/usr/local/texlive/2015/texmf-dist/tex/latex/oberdiek/grfext.sty
Package: grfext 2010/08/19 v1.1 Manage graphics extensions (HO)

(/usr/local/texlive/2015/texmf-dist/tex/generic/oberdiek/kvdefinekeys.sty
Package: kvdefinekeys 2011/04/07 v1.3 Define keys (HO)
))
(/usr/local/texlive/2015/texmf-dist/tex/latex/oberdiek/kvoptions.sty
Package: kvoptions 2011/06/30 v3.11 Key value format for package options (HO)

(/usr/local/texlive/2015/texmf-dist/tex/generic/oberdiek/kvsetkeys.sty
Package: kvsetkeys 2012/04/25 v1.16 Key value parser (HO)

(/usr/local/texlive/2015/texmf-dist/tex/generic/oberdiek/etexcmds.sty
Package: etexcmds 2011/02/16 v1.5 Avoid name clashes with e-TeX commands (HO)
Package etexcmds Info: Could not find \expanded.
(etexcmds)             That can mean that you are not using pdfTeX 1.50 or
(etexcmds)             that some package has redefined \expanded.
(etexcmds)             In the latter case, load this package earlier.
)))
Package grfext Info: Graphics extension search list:
(grfext)             [.png,.pdf,.jpg,.mps,.jpeg,.jbig2,.jb2,.PNG,.PDF,.JPG,.JPE
G,.JBIG2,.JB2,.eps]
(grfext)             \AppendGraphicsExtensions on input line 452.

(/usr/local/texlive/2015/texmf-dist/tex/latex/latexconfig/epstopdf-sys.cfg
File: epstopdf-sys.cfg 2010/07/13 v1.3 Configuration of (r)epstopdf for TeX Liv
e
))
Underfull \hbox (badness 2521) in paragraph at lines 399--401
[]\OT1/ptm/m/n/10 The ear-li-est works in noise can-celling for Adap-tive
 []


Underfull \hbox (badness 1448) in paragraph at lines 399--401
\OT1/ptm/m/n/10 fil-ters were "P.Howells, In-ter-me-di-ate fre-quency side-lobe

 []

LaTeX Font Info:    External font `cmex10' loaded for size
(Font)              <7> on input line 405.
LaTeX Font Info:    External font `cmex10' loaded for size
(Font)              <5> on input line 405.

Underfull \hbox (badness 10000) in paragraph at lines 409--410

 []


Underfull \hbox (badness 10000) in paragraph at lines 416--417

 []

<image5.jpg, id=1, 514.17094pt x 293.59688pt>
File: image5.jpg Graphic file (type jpg)
 <use image5.jpg>
Package pdftex.def Info: image5.jpg used on input line 427.
(pdftex.def)             Requested size: 180.67499pt x 103.1681pt.
 [1{/usr/local/texlive/2015/texmf-var/fonts/map/pdftex/updmap/pdftex.map}


 <./image5.jpg>]
<adaptiveFilter.png, id=15, 480.79625pt x 214.8025pt>
File: adaptiveFilter.png Graphic file (type png)
 <use adaptiveFilter.png>
Package pdftex.def Info: adaptiveFilter.png used on input line 450.
(pdftex.def)             Requested size: 180.67499pt x 80.72116pt.

<LearningRate.png, id=17, 381.425pt x 435.6275pt>
File: LearningRate.png Graphic file (type png)
 <use LearningRate.png>
Package pdftex.def Info: LearningRate.png used on input line 458.
(pdftex.def)             Requested size: 180.67499pt x 206.34691pt.

[2 <./adaptiveFilter.png> <./LearningRate.png>]
Underfull \hbox (badness 10000) in paragraph at lines 492--493
[]\OT1/ptm/m/n/10 For Obesr-va-tion Step 1 the var-i-ous step
 []


Underfull \hbox (badness 7540) in paragraph at lines 492--493
\OT1/ptm/m/n/10 sizes used for setup are $\OT1/cmr/m/n/10 [0\OML/cmm/m/it/10 :\
OT1/cmr/m/n/10 01 : 0\OML/cmm/m/it/10 :\OT1/cmr/m/n/10 01 : 0\OML/cmm/m/it/10 :
\OT1/cmr/m/n/10 5]$\OT1/ptm/m/n/10 ,
 []


Underfull \hbox (badness 10000) in paragraph at lines 492--493
\OT1/ptm/m/n/10 the var-i-ous fil-ter or-ders used in this setup are
 []


Underfull \hbox (badness 10000) in paragraph at lines 492--493
\OT1/cmr/m/n/10 [2\OML/cmm/m/it/10 ; \OT1/cmr/m/n/10 8\OML/cmm/m/it/10 ; \OT1/c
mr/m/n/10 10\OML/cmm/m/it/10 ; \OT1/cmr/m/n/10 20\OML/cmm/m/it/10 ; \OT1/cmr/m/
n/10 25\OML/cmm/m/it/10 ; \OT1/cmr/m/n/10 30\OML/cmm/m/it/10 ; \OT1/cmr/m/n/10 
32\OML/cmm/m/it/10 ; \OT1/cmr/m/n/10 36\OML/cmm/m/it/10 ; \OT1/cmr/m/n/10 38\OM
L/cmm/m/it/10 ; \OT1/cmr/m/n/10 40\OML/cmm/m/it/10 ; \OT1/cmr/m/n/10 44\OML/cmm
/m/it/10 ; \OT1/cmr/m/n/10 46\OML/cmm/m/it/10 ; \OT1/cmr/m/n/10 48\OML/cmm/m/it
/10 ; \OT1/cmr/m/n/10 50\OML/cmm/m/it/10 ; \OT1/cmr/m/n/10 55\OML/cmm/m/it/10 ;
 \OT1/cmr/m/n/10 60\OML/cmm/m/it/10 ; \OT1/cmr/m/n/10 65]$\OT1/ptm/m/n/10 .
 []

<MSEPlotFor2WeightCase_View1.jpg, id=24, 1431.3475pt x 739.76375pt>
File: MSEPlotFor2WeightCase_View1.jpg Graphic file (type jpg)

<use MSEPlotFor2WeightCase_View1.jpg>
Package pdftex.def Info: MSEPlotFor2WeightCase_View1.jpg used on input line 501
.
(pdftex.def)             Requested size: 572.52885pt x 295.90025pt.

Overfull \hbox (56.52885pt too wide) in paragraph at lines 501--503
 [][] 
 []

<MSEPlotFor2WeightCase_View2.jpg, id=25, 1431.3475pt x 739.76375pt>
File: MSEPlotFor2WeightCase_View2.jpg Graphic file (type jpg)

<use MSEPlotFor2WeightCase_View2.jpg>
Package pdftex.def Info: MSEPlotFor2WeightCase_View2.jpg used on input line 509
.
(pdftex.def)             Requested size: 572.52885pt x 295.90025pt.

Overfull \hbox (56.52885pt too wide) in paragraph at lines 509--510
 [][] 
 []


Underfull \hbox (badness 10000) in paragraph at lines 519--520

 []


Underfull \hbox (badness 10000) in paragraph at lines 523--524

 []

<WeightTrackFor2WeightCase.jpg, id=26, 1431.3475pt x 739.76375pt>
File: WeightTrackFor2WeightCase.jpg Graphic file (type jpg)

<use WeightTrackFor2WeightCase.jpg>
Package pdftex.def Info: WeightTrackFor2WeightCase.jpg used on input line 527.
(pdftex.def)             Requested size: 572.52885pt x 295.90025pt.

Overfull \hbox (56.52885pt too wide) in paragraph at lines 527--528
 [][] 
 []


Underfull \hbox (badness 10000) in paragraph at lines 537--538

 []

<LearningCurvetraining.jpg, id=27, 1431.3475pt x 739.76375pt>
File: LearningCurvetraining.jpg Graphic file (type jpg)

<use LearningCurvetraining.jpg>
Package pdftex.def Info: LearningCurvetraining.jpg used on input line 542.
(pdftex.def)             Requested size: 572.52885pt x 295.90025pt.

Overfull \hbox (56.52885pt too wide) in paragraph at lines 542--543
 [][] 
 []

<LearningCurve_mupt02.jpg, id=28, 1196.47pt x 401.5pt>
File: LearningCurve_mupt02.jpg Graphic file (type jpg)

<use LearningCurve_mupt02.jpg>
Package pdftex.def Info: LearningCurve_mupt02.jpg used on input line 550.
(pdftex.def)             Requested size: 478.57953pt x 160.59715pt.

<LearningCurve_mupt20.jpg, id=29, 1196.47pt x 397.485pt>
File: LearningCurve_mupt20.jpg Graphic file (type jpg)

<use LearningCurve_mupt20.jpg>
Package pdftex.def Info: LearningCurve_mupt20.jpg used on input line 557.
(pdftex.def)             Requested size: 478.57953pt x 158.99118pt.

<LearningCurve_mupt28.jpg, id=30, 1196.47pt x 393.47pt>
File: LearningCurve_mupt28.jpg Graphic file (type jpg)

<use LearningCurve_mupt28.jpg>
Package pdftex.def Info: LearningCurve_mupt28.jpg used on input line 564.
(pdftex.def)             Requested size: 478.57953pt x 157.38521pt.

Overfull \hbox (33.31061pt too wide) detected at line 573
\OML/cmm/m/it/10 ERLE \OT1/cmr/m/n/10 = 10\OML/cmm/m/it/10 log[]\OT1/cmr/m/n/10
 (\OML/cmm/m/it/10 PowerofDesiredSignal=PowerofNoise\OT1/cmr/m/n/10 )
 []


Underfull \hbox (badness 10000) in paragraph at lines 575--576

 []


Underfull \hbox (badness 10000) in paragraph at lines 577--578

 []

<ERLEPlot_training.jpg, id=31, 1431.3475pt x 739.76375pt>
File: ERLEPlot_training.jpg Graphic file (type jpg)

<use ERLEPlot_training.jpg>
Package pdftex.def Info: ERLEPlot_training.jpg used on input line 582.
(pdftex.def)             Requested size: 572.52885pt x 295.90025pt.

Overfull \hbox (56.52885pt too wide) in paragraph at lines 582--583
 [][] 
 []

<MSEPlot.jpg, id=32, 1431.3475pt x 739.76375pt>
File: MSEPlot.jpg Graphic file (type jpg)
 <use MSEPlot.jpg>
Package pdftex.def Info: MSEPlot.jpg used on input line 590.
(pdftex.def)             Requested size: 572.52885pt x 295.90025pt.

Overfull \hbox (56.52885pt too wide) in paragraph at lines 590--591
 [][] 
 []


Underfull \hbox (badness 10000) in paragraph at lines 598--599

 []

[3] [4 <./MSEPlotFor2WeightCase_View1.jpg> <./MSEPlotFor2WeightCase_View2.jpg>]
[5 <./WeightTrackFor2WeightCase.jpg> <./LearningCurvetraining.jpg>] [6 <./Learn
ingCurve_mupt02.jpg> <./LearningCurve_mupt20.jpg> <./LearningCurve_mupt28.jpg>]
[7 <./ERLEPlot_training.jpg> <./MSEPlot.jpg>]
<ERLEPlot2-3.jpg, id=50, 1431.3475pt x 739.76375pt>
File: ERLEPlot2-3.jpg Graphic file (type jpg)
 <use ERLEPlot2-3.jpg>
Package pdftex.def Info: ERLEPlot2-3.jpg used on input line 607.
(pdftex.def)             Requested size: 572.52885pt x 295.90025pt.

Overfull \hbox (56.52885pt too wide) in paragraph at lines 607--608
 [][] 
 []

<MSEPlot2.jpg, id=51, 1431.3475pt x 739.76375pt>
File: MSEPlot2.jpg Graphic file (type jpg)
 <use MSEPlot2.jpg>
Package pdftex.def Info: MSEPlot2.jpg used on input line 613.
(pdftex.def)             Requested size: 572.52885pt x 295.90025pt.

Overfull \hbox (56.52885pt too wide) in paragraph at lines 613--614
 [][] 
 []

<LearningCurve_mupt02_order50.jpg, id=52, 1196.47pt x 417.56pt>
File: LearningCurve_mupt02_order50.jpg Graphic file (type jpg)

<use LearningCurve_mupt02_order50.jpg>
Package pdftex.def Info: LearningCurve_mupt02_order50.jpg used on input line 62
4.
(pdftex.def)             Requested size: 478.57953pt x 167.02103pt.

<LearningCurve_mupt17_order50.jpg, id=53, 1196.47pt x 413.545pt>
File: LearningCurve_mupt17_order50.jpg Graphic file (type jpg)

<use LearningCurve_mupt17_order50.jpg>
Package pdftex.def Info: LearningCurve_mupt17_order50.jpg used on input line 63
0.
(pdftex.def)             Requested size: 478.57953pt x 165.41505pt.

<LearningCurve_mupt26_order50.jpg, id=54, 1196.47pt x 409.53pt>
File: LearningCurve_mupt26_order50.jpg Graphic file (type jpg)

<use LearningCurve_mupt26_order50.jpg>
Package pdftex.def Info: LearningCurve_mupt26_order50.jpg used on input line 63
6.
(pdftex.def)             Requested size: 478.57953pt x 163.80908pt.

<LearningCurve_order50.jpg, id=55, 1431.3475pt x 739.76375pt>
File: LearningCurve_order50.jpg Graphic file (type jpg)

<use LearningCurve_order50.jpg>
Package pdftex.def Info: LearningCurve_order50.jpg used on input line 644.
(pdftex.def)             Requested size: 572.52885pt x 295.90025pt.

Overfull \hbox (56.52885pt too wide) in paragraph at lines 644--645
 [][] 
 []

Missing character: There is no á in font ptmr7t!
Missing character: There is no é in font ptmr7t!

** Conference Paper **
Before submitting the final camera ready copy, remember to:

 1. Manually equalize the lengths of two columns on the last page
 of your paper;

 2. Ensure that any PostScript and/or PDF output post-processing
 uses only Type 1 fonts and that every step in the generation
 process uses the appropriate paper size.

[8] [9 <./ERLEPlot2-3.jpg> <./MSEPlot2.jpg>] [10 <./LearningCurve_mupt02_order5
0.jpg> <./LearningCurve_mupt17_order50.jpg> <./LearningCurve_mupt26_order50.jpg
>] [11 <./LearningCurve_order50.jpg>] (./report.aux) ) 
Here is how much of TeX's memory you used:
 2414 strings out of 493089
 40891 string characters out of 6134842
 108967 words of memory out of 5000000
 5886 multiletter control sequences out of 15000+600000
 33007 words of font info for 62 fonts, out of 8000000 for 9000
 1144 hyphenation exceptions out of 8191
 37i,7n,23p,1020b,304s stack positions out of 5000i,500n,10000p,200000b,80000s
{/usr/local/texlive/2015/
texmf-dist/fonts/enc/dvips/base/8r.enc}</usr/local/texlive/2015/texmf-dist/font
s/type1/public/amsfonts/cm/cmmi10.pfb></usr/local/texlive/2015/texmf-dist/fonts
/type1/public/amsfonts/cm/cmmi7.pfb></usr/local/texlive/2015/texmf-dist/fonts/t
ype1/public/amsfonts/cm/cmr10.pfb></usr/local/texlive/2015/texmf-dist/fonts/typ
e1/public/amsfonts/cm/cmr7.pfb></usr/local/texlive/2015/texmf-dist/fonts/type1/
public/amsfonts/cm/cmsy10.pfb></usr/local/texlive/2015/texmf-dist/fonts/type1/p
ublic/amsfonts/cm/cmsy7.pfb></usr/local/texlive/2015/texmf-dist/fonts/type1/urw
/times/utmb8a.pfb></usr/local/texlive/2015/texmf-dist/fonts/type1/urw/times/utm
bi8a.pfb></usr/local/texlive/2015/texmf-dist/fonts/type1/urw/times/utmr8a.pfb><
/usr/local/texlive/2015/texmf-dist/fonts/type1/urw/times/utmri8a.pfb>
Output written on report.pdf (11 pages, 1501970 bytes).
PDF statistics:
 102 PDF objects out of 1000 (max. 8388607)
 58 compressed objects within 1 object stream
 0 named destinations out of 1000 (max. 500000)
 91 words of extra memory for PDF output out of 10000 (max. 10000000)

